<?xml version="1.0" encoding="UTF-8"?>
<testsuites>
    <testsuite name="individual-assignment-for-g-mvt18-testdesign;finding-anchor-steam-and-taste" tests="6" failures="0" skipped="0">
        <properties>
            <property name="URI" value="C:\Users\Christoffer\Documents\Programmering\Uppgift-Systembolaget\Systembolaget\features\[US01]godkand.feature">
            </property>
        </properties>
        <testcase name="Given that I succesfully load www.systembolaget.se" classname="individual-assignment-for-g-mvt18-testdesign;finding-anchor-steam-and-taste" time="6.0825919">
        </testcase>
        <testcase name="When I confirm that I am 20 years old or above" classname="individual-assignment-for-g-mvt18-testdesign;finding-anchor-steam-and-taste" time="0.5777339">
        </testcase>
        <testcase name="Then I should be presented with systembolagets main page" classname="individual-assignment-for-g-mvt18-testdesign;finding-anchor-steam-and-taste" time="0.033402201">
        </testcase>
        <testcase name="When I search for anchor steam" classname="individual-assignment-for-g-mvt18-testdesign;finding-anchor-steam-and-taste" time="2.4479264">
        </testcase>
        <testcase name="And I click the search result" classname="individual-assignment-for-g-mvt18-testdesign;finding-anchor-steam-and-taste" time="0.593114699">
        </testcase>
        <testcase name="Then the descriptive text should contain Maltig, fruktig smak med inslag av torkade aprikoser" classname="individual-assignment-for-g-mvt18-testdesign;finding-anchor-steam-and-taste" time="1.683139299">
        </testcase>
    </testsuite>
    <testsuite name="individual-assignment-for-g-mvt18-testdesign;finding-ballast-and-reporting-quantity" tests="5" failures="0" skipped="0">
        <properties>
            <property name="URI" value="C:\Users\Christoffer\Documents\Programmering\Uppgift-Systembolaget\Systembolaget\features\[US01]godkand.feature">
            </property>
        </properties>
        <testcase name="Given that I succesfully load www.systembolaget.se" classname="individual-assignment-for-g-mvt18-testdesign;finding-ballast-and-reporting-quantity" time="5.384094">
        </testcase>
        <testcase name="When I confirm that I am 20 years old or above" classname="individual-assignment-for-g-mvt18-testdesign;finding-ballast-and-reporting-quantity" time="0.584212599">
        </testcase>
        <testcase name="Then I should be presented with systembolagets main page" classname="individual-assignment-for-g-mvt18-testdesign;finding-ballast-and-reporting-quantity" time="0.036384801">
        </testcase>
        <testcase name="When I search for Ballast" classname="individual-assignment-for-g-mvt18-testdesign;finding-ballast-and-reporting-quantity" time="2.416455899">
        </testcase>
        <testcase name="Then a report of how many articles there are should be created" classname="individual-assignment-for-g-mvt18-testdesign;finding-ballast-and-reporting-quantity" time="1.2151686">
        </testcase>
    </testsuite>
</testsuites>